<?xml version="1.0" encoding="UTF-8"?>
<testsuite xmlns:xsi="http://www.w3.org/2001/XMLSchema-instance" xsi:noNamespaceSchemaLocation="https://maven.apache.org/surefire/maven-surefire-plugin/xsd/surefire-test-report-3.0.xsd" version="3.0" name="Runner.TestRunner" time="97.728" tests="48" errors="0" skipped="0" failures="0">
  <properties>
[...]
</properties>
  <testcase name="Launch the browser" classname="Verify the Launch Admin Interface of the Application" time="8.102">
    <system-out><![CDATA[
@RegressionTest
Scenario: Verify the Launch Admin Interface of the Application # src/test/java/features/LaunchAdminInterface.feature:8
]]></system-out>
    <system-err><![CDATA[SLF4J: Failed to load class "org.slf4j.impl.StaticLoggerBinder".
SLF4J: Defaulting to no-operation (NOP) logger implementation
SLF4J: See http://www.slf4j.org/codes.html#StaticLoggerBinder for further details.
Starting ChromeDriver 93.0.4577.15 (660fc11082ba57405eca2e8c49c3e1af756fbfae-refs/branch-heads/4577@{#203}) on port 10299
Only local connections are allowed.
Please see https://chromedriver.chromium.org/security-considerations for suggestions on keeping ChromeDriver safe.
ChromeDriver was started successfully.
Sep 06, 2021 6:07:19 PM org.openqa.selenium.remote.ProtocolHandshake createSession
INFO: Detected dialect: W3C
]]></system-err>
  </testcase>
  <testcase name="Browser should be started" classname="Verify the Launch Admin Interface of the Application" time="0.022">
    <system-out><![CDATA[  When Launch the browser                                      # stepDefinition.LaunchAdminInterface.launch_the_browser()
]]></system-out>
  </testcase>
  <testcase name="User is on the landing page" classname="Verify the Launch Admin Interface of the Application" time="0.09">
    <system-out><![CDATA[  Then Browser should be started                               # stepDefinition.LaunchAdminInterface.browser_should_be_started()
]]></system-out>
  </testcase>
  <testcase name="Capture the text Administrator Login for verification" classname="Verify the Launch Admin Interface of the Application" time="0.075">
    <system-out><![CDATA[  Given User is on the landing page                            # stepDefinition.LaunchAdminInterface.user_is_on_the_landing_page()
]]></system-out>
  </testcase>
  <testcase name="" classname="Verify the Launch Admin Interface of the Application" time="0.433">
    <system-out><![CDATA[  Then Capture the text Administrator Login for verification   # stepDefinition.LaunchAdminInterface.capture_the_text_adminstrator_login_for_verification()
]]></system-out>
  </testcase>
  <testcase name="Launch the browser" classname="Verify Mandatory Elements availability in Admin interface home page" time="12.02">
    <system-out><![CDATA[
@RegressionTest
Scenario: Verify Mandatory Elements availability in Admin interface home page          # src/test/java/features/LaunchAdminInterface.feature:13
]]></system-out>
    <system-err><![CDATA[Starting ChromeDriver 93.0.4577.15 (660fc11082ba57405eca2e8c49c3e1af756fbfae-refs/branch-heads/4577@{#203}) on port 9804
Only local connections are allowed.
Please see https://chromedriver.chromium.org/security-considerations for suggestions on keeping ChromeDriver safe.
ChromeDriver was started successfully.
Sep 06, 2021 6:07:25 PM org.openqa.selenium.remote.ProtocolHandshake createSession
INFO: Detected dialect: W3C
]]></system-err>
  </testcase>
  <testcase name="Browser should be started" classname="Verify Mandatory Elements availability in Admin interface home page" time="0.007">
    <system-out><![CDATA[  When Launch the browser                                                              # stepDefinition.LaunchAdminInterface.launch_the_browser()
]]></system-out>
  </testcase>
  <testcase name="User is on the landing page" classname="Verify Mandatory Elements availability in Admin interface home page" time="0.065">
    <system-out><![CDATA[  Then Browser should be started                                                       # stepDefinition.LaunchAdminInterface.browser_should_be_started()
]]></system-out>
  </testcase>
  <testcase name="Click on the link of online Catalog" classname="Verify Mandatory Elements availability in Admin interface home page" time="5.219">
    <system-out><![CDATA[  Given User is on the landing page                                                    # stepDefinition.LaunchAdminInterface.user_is_on_the_landing_page()
]]></system-out>
  </testcase>
  <testcase name="Return the existence status of create an account,login, and Shopping Cart links" classname="Verify Mandatory Elements availability in Admin interface home page" time="0.4">
    <system-out><![CDATA[  When Click on the link of online Catalog                                             # stepDefinition.LaunchAdminInterface.click_on_the_link_of_online_catalog()
]]></system-out>
  </testcase>
  <testcase name="" classname="Verify Mandatory Elements availability in Admin interface home page" time="0.739">
    <system-out><![CDATA[  Then Return the existence status of create an account,login, and Shopping Cart links # stepDefinition.LaunchAdminInterface.return_the_existence_status_of_create_an_account_login_and_shopping_cart_links()
]]></system-out>
  </testcase>
  <testcase name="Launch the browser" classname="Verify the Launch Admin Interface with valid credentials." time="7.122">
    <system-out><![CDATA[
@RegressionTest
Scenario: Verify the Launch Admin Interface with valid credentials.                # src/test/java/features/LaunchAdminInterface.feature:19
]]></system-out>
    <system-err><![CDATA[Starting ChromeDriver 93.0.4577.15 (660fc11082ba57405eca2e8c49c3e1af756fbfae-refs/branch-heads/4577@{#203}) on port 16758
Only local connections are allowed.
Please see https://chromedriver.chromium.org/security-considerations for suggestions on keeping ChromeDriver safe.
ChromeDriver was started successfully.
Sep 06, 2021 6:07:44 PM org.openqa.selenium.remote.ProtocolHandshake createSession
INFO: Detected dialect: W3C
]]></system-err>
  </testcase>
  <testcase name="Browser should be started" classname="Verify the Launch Admin Interface with valid credentials." time="0.014">
    <system-out><![CDATA[  When Launch the browser                                                          # stepDefinition.LaunchAdminInterface.launch_the_browser()
]]></system-out>
  </testcase>
  <testcase name="User is on the landing page" classname="Verify the Launch Admin Interface with valid credentials." time="0.074">
    <system-out><![CDATA[  Then Browser should be started                                                   # stepDefinition.LaunchAdminInterface.browser_should_be_started()
]]></system-out>
  </testcase>
  <testcase name="Enter username &quot;gcreddy&quot; and password &quot;Temp@2020&quot; and click on login button" classname="Verify the Launch Admin Interface with valid credentials." time="7.856">
    <system-out><![CDATA[  Given User is on the landing page                                                # stepDefinition.LaunchAdminInterface.user_is_on_the_landing_page()
]]></system-out>
  </testcase>
  <testcase name="User lands on home page of Admin Interface" classname="Verify the Launch Admin Interface with valid credentials." time="0.02">
    <system-out><![CDATA[  When Enter username "gcreddy" and password "Temp@2020" and click on login button # stepDefinition.LaunchAdminInterface.enter_username_and_password_and_click_on_login_button(java.lang.String,java.lang.String)
]]></system-out>
  </testcase>
  <testcase name="Check the text on the home page" classname="Verify the Launch Admin Interface with valid credentials." time="2.347">
    <system-out><![CDATA[  Then User lands on home page of Admin Interface                                  # stepDefinition.LaunchAdminInterface.user_lands_on_home_page_of_admin_interface()
]]></system-out>
  </testcase>
  <testcase name="" classname="Verify the Launch Admin Interface with valid credentials." time="2.662">
    <system-out><![CDATA[  And Check the text on the home page                                              # stepDefinition.LaunchAdminInterface.check_the_text_on_the_home_page()
]]></system-out>
  </testcase>
  <testcase name="Launch the browser(Page Redirect Functionality " classname="From Admin to User Interface) before Login" time="5.529">
    <system-out><![CDATA[
@RegressionTest
Scenario: Page Redirect Functionality (From Admin to User Interface) before Login # src/test/java/features/LaunchAdminInterface.feature:46
]]></system-out>
    <system-err><![CDATA[Starting ChromeDriver 93.0.4577.15 (660fc11082ba57405eca2e8c49c3e1af756fbfae-refs/branch-heads/4577@{#203}) on port 46332
Only local connections are allowed.
Please see https://chromedriver.chromium.org/security-considerations for suggestions on keeping ChromeDriver safe.
ChromeDriver was started successfully.
Sep 06, 2021 6:08:01 PM org.openqa.selenium.remote.ProtocolHandshake createSession
INFO: Detected dialect: W3C
]]></system-err>
  </testcase>
  <testcase name="Browser should be started(Page Redirect Functionality " classname="From Admin to User Interface) before Login" time="0.015">
    <system-out><![CDATA[  When Launch the browser                                                         # stepDefinition.LaunchAdminInterface.launch_the_browser()
]]></system-out>
  </testcase>
  <testcase name="User is on the landing page(Page Redirect Functionality " classname="From Admin to User Interface) before Login" time="0.087">
    <system-out><![CDATA[  Then Browser should be started                                                  # stepDefinition.LaunchAdminInterface.browser_should_be_started()
]]></system-out>
  </testcase>
  <testcase name="Click on the link of online Catalog(Page Redirect Functionality " classname="From Admin to User Interface) before Login" time="5.094">
    <system-out><![CDATA[  Given User is on the landing page                                               # stepDefinition.LaunchAdminInterface.user_is_on_the_landing_page()
]]></system-out>
  </testcase>
  <testcase name="Verify the user is on User Interface(Page Redirect Functionality " classname="From Admin to User Interface) before Login" time="0.019">
    <system-out><![CDATA[  When Click on the link of online Catalog                                        # stepDefinition.LaunchAdminInterface.click_on_the_link_of_online_catalog()
]]></system-out>
  </testcase>
  <testcase name="Page Redirect Functionality " classname="Page Redirect Functionality (From Admin to User Interface) before Login" time="0.376">
    <system-out><![CDATA[  Then Verify the user is on User Interface                                       # stepDefinition.LaunchAdminInterface.verify_the_user_is_on_user_interface()
]]></system-out>
  </testcase>
  <testcase name="Launch the browser" classname="Verify Admin Login Locking Functionality #1" time="4.646">
    <system-out><![CDATA[
@RegressionTest
Scenario Outline: Verify Admin Login Locking Functionality                  # src/test/java/features/LaunchAdminInterface.feature:61
]]></system-out>
    <system-err><![CDATA[Starting ChromeDriver 93.0.4577.15 (660fc11082ba57405eca2e8c49c3e1af756fbfae-refs/branch-heads/4577@{#203}) on port 40956
Only local connections are allowed.
Please see https://chromedriver.chromium.org/security-considerations for suggestions on keeping ChromeDriver safe.
ChromeDriver was started successfully.
Sep 06, 2021 6:08:12 PM org.openqa.selenium.remote.ProtocolHandshake createSession
INFO: Detected dialect: W3C
]]></system-err>
  </testcase>
  <testcase name="Browser should be started" classname="Verify Admin Login Locking Functionality #1" time="0.019">
    <system-out><![CDATA[  When Launch the browser                                                   # stepDefinition.LaunchAdminInterface.launch_the_browser()
]]></system-out>
  </testcase>
  <testcase name="User is on the landing page" classname="Verify Admin Login Locking Functionality #1" time="0.1">
    <system-out><![CDATA[  Then Browser should be started                                            # stepDefinition.LaunchAdminInterface.browser_should_be_started()
]]></system-out>
  </testcase>
  <testcase name="Enter abcdefg and Temp@2020 invalid and click on login button" classname="Verify Admin Login Locking Functionality #1" time="1.541">
    <system-out><![CDATA[  Given User is on the landing page                                         # stepDefinition.LaunchAdminInterface.user_is_on_the_landing_page()
]]></system-out>
  </testcase>
  <testcase name="Capture the Error message and compare with expected for fourth times" classname="Verify Admin Login Locking Functionality #1" time="0">
    <system-out><![CDATA[  When Enter abcdefg and Temp@2020 invalid and click on login button        # stepDefinition.LaunchAdminInterface.enter_and_invalid_and_click_on_login_button(java.lang.String,java.lang.String)
]]></system-out>
  </testcase>
  <testcase name="" classname="Verify Admin Login Locking Functionality #1" time="0.362">
    <system-out><![CDATA[  Then Capture the Error message and compare with expected for fourth times # stepDefinition.LaunchAdminInterface.capture_the_error_message_and_compare_with_expected_for_fourth_times()
]]></system-out>
  </testcase>
  <testcase name="Launch the browser" classname="Verify Admin Login Locking Functionality #2" time="5.834">
    <system-out><![CDATA[
@RegressionTest
Scenario Outline: Verify Admin Login Locking Functionality                  # src/test/java/features/LaunchAdminInterface.feature:62
]]></system-out>
    <system-err><![CDATA[Starting ChromeDriver 93.0.4577.15 (660fc11082ba57405eca2e8c49c3e1af756fbfae-refs/branch-heads/4577@{#203}) on port 19877
Only local connections are allowed.
Please see https://chromedriver.chromium.org/security-considerations for suggestions on keeping ChromeDriver safe.
ChromeDriver was started successfully.
Sep 06, 2021 6:08:19 PM org.openqa.selenium.remote.ProtocolHandshake createSession
INFO: Detected dialect: W3C
]]></system-err>
  </testcase>
  <testcase name="Browser should be started" classname="Verify Admin Login Locking Functionality #2" time="0.016">
    <system-out><![CDATA[  When Launch the browser                                                   # stepDefinition.LaunchAdminInterface.launch_the_browser()
]]></system-out>
  </testcase>
  <testcase name="User is on the landing page" classname="Verify Admin Login Locking Functionality #2" time="0.066">
    <system-out><![CDATA[  Then Browser should be started                                            # stepDefinition.LaunchAdminInterface.browser_should_be_started()
]]></system-out>
  </testcase>
  <testcase name="Enter gcreddy and Temp@0000 invalid and click on login button" classname="Verify Admin Login Locking Functionality #2" time="1.641">
    <system-out><![CDATA[  Given User is on the landing page                                         # stepDefinition.LaunchAdminInterface.user_is_on_the_landing_page()
]]></system-out>
  </testcase>
  <testcase name="Capture the Error message and compare with expected for fourth times" classname="Verify Admin Login Locking Functionality #2" time="0">
    <system-out><![CDATA[  When Enter gcreddy and Temp@0000 invalid and click on login button        # stepDefinition.LaunchAdminInterface.enter_and_invalid_and_click_on_login_button(java.lang.String,java.lang.String)
]]></system-out>
  </testcase>
  <testcase name="" classname="Verify Admin Login Locking Functionality #2" time="0.346">
    <system-out><![CDATA[  Then Capture the Error message and compare with expected for fourth times # stepDefinition.LaunchAdminInterface.capture_the_error_message_and_compare_with_expected_for_fourth_times()
]]></system-out>
  </testcase>
  <testcase name="Launch the browser" classname="Verify Admin Login Locking Functionality #3" time="12.945">
    <system-out><![CDATA[
@RegressionTest
Scenario Outline: Verify Admin Login Locking Functionality                  # src/test/java/features/LaunchAdminInterface.feature:63
]]></system-out>
    <system-err><![CDATA[Starting ChromeDriver 93.0.4577.15 (660fc11082ba57405eca2e8c49c3e1af756fbfae-refs/branch-heads/4577@{#203}) on port 15993
Only local connections are allowed.
Please see https://chromedriver.chromium.org/security-considerations for suggestions on keeping ChromeDriver safe.
ChromeDriver was started successfully.
Sep 06, 2021 6:08:27 PM org.openqa.selenium.remote.ProtocolHandshake createSession
INFO: Detected dialect: W3C
]]></system-err>
  </testcase>
  <testcase name="Browser should be started" classname="Verify Admin Login Locking Functionality #3" time="0.013">
    <system-out><![CDATA[  When Launch the browser                                                   # stepDefinition.LaunchAdminInterface.launch_the_browser()
]]></system-out>
  </testcase>
  <testcase name="User is on the landing page" classname="Verify Admin Login Locking Functionality #3" time="0.061">
    <system-out><![CDATA[  Then Browser should be started                                            # stepDefinition.LaunchAdminInterface.browser_should_be_started()
]]></system-out>
  </testcase>
  <testcase name="Enter abcdxyz and Temp@1111 invalid and click on login button" classname="Verify Admin Login Locking Functionality #3" time="1.762">
    <system-out><![CDATA[  Given User is on the landing page                                         # stepDefinition.LaunchAdminInterface.user_is_on_the_landing_page()
]]></system-out>
  </testcase>
  <testcase name="Capture the Error message and compare with expected for fourth times" classname="Verify Admin Login Locking Functionality #3" time="0">
    <system-out><![CDATA[  When Enter abcdxyz and Temp@1111 invalid and click on login button        # stepDefinition.LaunchAdminInterface.enter_and_invalid_and_click_on_login_button(java.lang.String,java.lang.String)
]]></system-out>
  </testcase>
  <testcase name="" classname="Verify Admin Login Locking Functionality #3" time="0.338">
    <system-out><![CDATA[  Then Capture the Error message and compare with expected for fourth times # stepDefinition.LaunchAdminInterface.capture_the_error_message_and_compare_with_expected_for_fourth_times()
]]></system-out>
  </testcase>
  <testcase name="Launch the browser" classname="Verify Admin Login Locking Functionality #4" time="6.793">
    <system-out><![CDATA[
@RegressionTest
Scenario Outline: Verify Admin Login Locking Functionality                  # src/test/java/features/LaunchAdminInterface.feature:64
]]></system-out>
    <system-err><![CDATA[Starting ChromeDriver 93.0.4577.15 (660fc11082ba57405eca2e8c49c3e1af756fbfae-refs/branch-heads/4577@{#203}) on port 28050
Only local connections are allowed.
Please see https://chromedriver.chromium.org/security-considerations for suggestions on keeping ChromeDriver safe.
ChromeDriver was started successfully.
Sep 06, 2021 6:08:42 PM org.openqa.selenium.remote.ProtocolHandshake createSession
INFO: Detected dialect: W3C
]]></system-err>
  </testcase>
  <testcase name="Browser should be started" classname="Verify Admin Login Locking Functionality #4" time="0.016">
    <system-out><![CDATA[  When Launch the browser                                                   # stepDefinition.LaunchAdminInterface.launch_the_browser()
]]></system-out>
  </testcase>
  <testcase name="User is on the landing page" classname="Verify Admin Login Locking Functionality #4" time="0.062">
    <system-out><![CDATA[  Then Browser should be started                                            # stepDefinition.LaunchAdminInterface.browser_should_be_started()
]]></system-out>
  </testcase>
  <testcase name="Enter gcreddy and Temp@2020 invalid and click on login button" classname="Verify Admin Login Locking Functionality #4" time="2.178">
    <system-out><![CDATA[  Given User is on the landing page                                         # stepDefinition.LaunchAdminInterface.user_is_on_the_landing_page()
]]></system-out>
  </testcase>
  <testcase name="Capture the Error message and compare with expected for fourth times" classname="Verify Admin Login Locking Functionality #4" time="0">
    <system-out><![CDATA[  When Enter gcreddy and Temp@2020 invalid and click on login button        # stepDefinition.LaunchAdminInterface.enter_and_invalid_and_click_on_login_button(java.lang.String,java.lang.String)
]]></system-out>
  </testcase>
  <testcase name="" classname="Verify Admin Login Locking Functionality #4" time="0.375">
    <system-out><![CDATA[  Then Capture the Error message and compare with expected for fourth times # stepDefinition.LaunchAdminInterface.capture_the_error_message_and_compare_with_expected_for_fourth_times()
]]></system-out>
  </testcase>
</testsuite>