<?xml version="1.0" encoding="UTF-8"?>
<testsuite xmlns:xsi="http://www.w3.org/2001/XMLSchema-instance" xsi:noNamespaceSchemaLocation="https://maven.apache.org/surefire/maven-surefire-plugin/xsd/surefire-test-report-3.0.xsd" version="3.0" name="Runner.TestRunner" time="12.815" tests="6" errors="0" skipped="0" failures="0">
  <properties>
[...]
</properties>
  <testcase name="Launch the browser" classname="Check the existance of G C Reddy link near Copyright text" time="5.199">
    <system-out><![CDATA[
@Smoke
Scenario: Check the existance of G C Reddy link near Copyright text # src/test/java/features/LaunchAdminInterface.feature:67
]]></system-out>
    <system-err><![CDATA[SLF4J: Failed to load class "org.slf4j.impl.StaticLoggerBinder".
SLF4J: Defaulting to no-operation (NOP) logger implementation
SLF4J: See http://www.slf4j.org/codes.html#StaticLoggerBinder for further details.
Starting ChromeDriver 93.0.4577.15 (660fc11082ba57405eca2e8c49c3e1af756fbfae-refs/branch-heads/4577@{#203}) on port 9032
Only local connections are allowed.
Please see https://chromedriver.chromium.org/security-considerations for suggestions on keeping ChromeDriver safe.
ChromeDriver was started successfully.
Sep 08, 2021 6:19:52 PM org.openqa.selenium.remote.ProtocolHandshake createSession
INFO: Detected dialect: W3C
]]></system-err>
  </testcase>
  <testcase name="Browser should be started" classname="Check the existance of G C Reddy link near Copyright text" time="0.001">
    <system-out><![CDATA[  When Launch the browser                                           # stepDefinition.LaunchAdminInterface.launch_the_browser()
]]></system-out>
  </testcase>
  <testcase name="User is on the landing page" classname="Check the existance of G C Reddy link near Copyright text" time="0.052">
    <system-out><![CDATA[  Then Browser should be started                                    # stepDefinition.LaunchAdminInterface.browser_should_be_started()
]]></system-out>
  </testcase>
  <testcase name="User clicks on the G C Reddy link" classname="Check the existance of G C Reddy link near Copyright text" time="0.205">
    <system-out><![CDATA[  Given User is on the landing page                                 # stepDefinition.LaunchAdminInterface.user_is_on_the_landing_page()
]]></system-out>
  </testcase>
  <testcase name="User should naviagte to next site" classname="Check the existance of G C Reddy link near Copyright text" time="5.762">
    <system-out><![CDATA[  When User clicks on the G C Reddy link                            # stepDefinition.LaunchAdminInterface.user_clicks_on_the_g_c_reddy_link()
]]></system-out>
  </testcase>
  <testcase name="" classname="Check the existance of G C Reddy link near Copyright text" time="5.772">
    <system-out><![CDATA[  Then User should naviagte to next site                            # stepDefinition.LaunchAdminInterface.user_should_naviagte_to_next_site()
]]></system-out>
  </testcase>
</testsuite>